<?xml version="1.0" encoding="UTF-8"?>
<testsuite xmlns:xsi="http://www.w3.org/2001/XMLSchema-instance" xsi:noNamespaceSchemaLocation="https://maven.apache.org/surefire/maven-surefire-plugin/xsd/surefire-test-report.xsd" name="TestSuite" time="202.029" tests="24" errors="0" skipped="0" failures="3">
  <properties>
[...]
</properties>
  <testcase name="validateUserCanChangePassword" classname="com.naveenAutomationPageTest.AccountPageTest" time="3.368"/>
  <testcase name="validateUserCanEditPersonalInfo" classname="com.naveenAutomationPageTest.AccountPageTest" time="3.608"/>
  <testcase name="validateUserCanUpdateNewsLetterSubscription" classname="com.naveenAutomationPageTest.AccountPageTest" time="3.646"/>
  <testcase name="validateUserCanDeleteAddress" classname="com.naveenAutomationPageTest.AddressBookEntriesPageTest" time="15.598">
    <failure message="Expected condition failed: waiting for visibility of element located by By.xpath: //div[text()=&apos; Warning: You can not delete your default address!&apos;] (tried for 10 second(s) with 500 milliseconds interval)" type="org.openqa.selenium.TimeoutException">org.openqa.selenium.TimeoutException: Expected condition failed: waiting for visibility of element located by By.xpath: //div[text()=' Warning: You can not delete your default address!'] (tried for 10 second(s) with 500 milliseconds interval)
	at com.naveenAutomationPageTest.AddressBookEntriesPageTest.validateUserCanDeleteAddress(AddressBookEntriesPageTest.java:52)
Caused by: org.openqa.selenium.NoSuchElementException: 
no such element: Unable to locate element: {"method":"xpath","selector":"//div[text()=' Warning: You can not delete your default address!']"}
  (Session info: chrome=119.0.6045.160)
For documentation on this error, please visit: https://www.seleniumhq.org/exceptions/no_such_element.html
Build info: version: '3.141.59', revision: 'e82be7d358', time: '2018-11-14T08:17:03'
System info: host: 'VAISH', ip: '192.168.137.1', os.name: 'Windows 11', os.arch: 'amd64', os.version: '10.0', java.version: '17.0.7'
Driver info: org.openqa.selenium.chrome.ChromeDriver
Capabilities {acceptInsecureCerts: false, browserName: chrome, browserVersion: 119.0.6045.160, chrome: {chromedriverVersion: 119.0.6045.105 (38c72552c5e..., userDataDir: C:\Users\Vishnu\AppData\Loc...}, fedcm:accounts: true, goog:chromeOptions: {debuggerAddress: localhost:49908}, javascriptEnabled: true, networkConnectionEnabled: false, pageLoadStrategy: normal, platform: WINDOWS, platformName: WINDOWS, proxy: Proxy(), setWindowRect: true, strictFileInteractability: false, timeouts: {implicit: 0, pageLoad: 300000, script: 30000}, unhandledPromptBehavior: dismiss and notify, webauthn:extension:credBlob: true, webauthn:extension:largeBlob: true, webauthn:extension:minPinLength: true, webauthn:extension:prf: true, webauthn:virtualAuthenticators: true}
Session ID: 007f43ec1bb11879b9ddaf3458826964
*** Element info: {Using=xpath, value=//div[text()=' Warning: You can not delete your default address!']}
	at com.naveenAutomationPageTest.AddressBookEntriesPageTest.validateUserCanDeleteAddress(AddressBookEntriesPageTest.java:52)
</failure>
    <system-err><![CDATA[Starting ChromeDriver 119.0.6045.105 (38c72552c5e15ba9b3117c0967a0fd105072d7c6-refs/branch-heads/6045@{#1103}) on port 33304
Only local connections are allowed.
Please see https://chromedriver.chromium.org/security-considerations for suggestions on keeping ChromeDriver safe.
ChromeDriver was started successfully.
Nov. 19, 2023 1:57:34 P.M. org.openqa.selenium.remote.ProtocolHandshake createSession
INFO: Detected dialect: W3C
]]></system-err>
  </testcase>
  <testcase name="validateUserCanNavigateToAddressBook" classname="com.naveenAutomationPageTest.AddressBookEntriesPageTest" time="2.087"/>
  <testcase name="validateUserWillGetConfirmationLinkUsingValidEmail" classname="com.naveenAutomationPageTest.ForgottenPasswordPageTest" time="2.194"/>
  <testcase name="validateUserWillNotGetConfirmationLinkUsingInvalidEmail" classname="com.naveenAutomationPageTest.ForgottenPasswordPageTest" time="1.614"/>
  <testcase name="validateUserCanLoginWithValidCredentials" classname="com.naveenAutomationPageTest.LoginPageTest" time="1.344"/>
  <testcase name="validateUserCanNotLoginWithInValidCredentials" classname="com.naveenAutomationPageTest.LoginPageTest" time="1.101"/>
  <testcase name="validateUserIsAbleToNavigateToForgottenPasswordPage" classname="com.naveenAutomationPageTest.LoginPageTest" time="0.22">
    <failure type="java.lang.Error">java.lang.Error
	at com.naveenAutomationPageTest.LoginPageTest.validateUserIsAbleToNavigateToForgottenPasswordPage(LoginPageTest.java:49)
</failure>
    <system-err><![CDATA[Starting ChromeDriver 119.0.6045.105 (38c72552c5e15ba9b3117c0967a0fd105072d7c6-refs/branch-heads/6045@{#1103}) on port 57846
Only local connections are allowed.
Please see https://chromedriver.chromium.org/security-considerations for suggestions on keeping ChromeDriver safe.
ChromeDriver was started successfully.
Nov. 19, 2023 1:58:25 P.M. org.openqa.selenium.remote.ProtocolHandshake createSession
INFO: Detected dialect: W3C
]]></system-err>
  </testcase>
  <testcase name="validateUserCanLogoutsafely" classname="com.naveenAutomationPageTest.LogoutPageTest" time="4.19"/>
  <testcase name="validateUserCanNotEnterInvalidFirstName" classname="com.naveenAutomationPageTest.RegisterAccountPageTest" time="2.953"/>
  <testcase name="validateUserCanNotEnterInvalidLastName" classname="com.naveenAutomationPageTest.RegisterAccountPageTest" time="5.025"/>
  <testcase name="validateUserCanNotEnterInvalidTelephone" classname="com.naveenAutomationPageTest.RegisterAccountPageTest" time="2.844"/>
  <testcase name="validateUserCanNotSkipConfirmPassword" classname="com.naveenAutomationPageTest.RegisterAccountPageTest" time="2.79"/>
  <testcase name="validateUserCanNotSkipEmail" classname="com.naveenAutomationPageTest.RegisterAccountPageTest" time="2.998"/>
  <testcase name="validateUserCanNotSkipFirstName" classname="com.naveenAutomationPageTest.RegisterAccountPageTest" time="2.725"/>
  <testcase name="validateUserCanNotSkipLastName" classname="com.naveenAutomationPageTest.RegisterAccountPageTest" time="2.873"/>
  <testcase name="validateUserCanNotSkipPassword" classname="com.naveenAutomationPageTest.RegisterAccountPageTest" time="2.605"/>
  <testcase name="validateUserCheckEDPrivacyPolicyCheckBox" classname="com.naveenAutomationPageTest.RegisterAccountPageTest" time="2.64"/>
  <testcase name="validateUserIsAbleToRegisterWithValidInfo" classname="com.naveenAutomationPageTest.RegisterAccountPageTest" time="3.046">
    <failure type="java.lang.Error">java.lang.Error
	at com.naveenAutomationPageTest.RegisterAccountPageTest.validateUserIsAbleToRegisterWithValidInfo(RegisterAccountPageTest.java:200)
</failure>
    <system-err><![CDATA[Starting ChromeDriver 119.0.6045.105 (38c72552c5e15ba9b3117c0967a0fd105072d7c6-refs/branch-heads/6045@{#1103}) on port 41275
Only local connections are allowed.
Please see https://chromedriver.chromium.org/security-considerations for suggestions on keeping ChromeDriver safe.
ChromeDriver was started successfully.
Nov. 19, 2023 1:59:57 P.M. org.openqa.selenium.remote.ProtocolHandshake createSession
INFO: Detected dialect: W3C
]]></system-err>
  </testcase>
  <testcase name="validateUserNavigatedToRegisterAccount" classname="com.naveenAutomationPageTest.RegisterAccountPageTest" time="1.489"/>
  <testcase name="validateUserIsInViewProductReturnsPage" classname="com.naveenAutomationPageTest.ViewProductReturnsPageTest" time="2.887"/>
  <testcase name="validateUserIsInWishListPage" classname="com.naveenAutomationPageTest.WishListPageTest" time="2.014"/>
</testsuite>