-------------------------------------------------------------------------------
Test set: TestSuite
-------------------------------------------------------------------------------
Tests run: 24, Failures: 3, Errors: 0, Skipped: 0, Time elapsed: 202.029 s <<< FAILURE! - in TestSuite
validateUserCanDeleteAddress(com.naveenAutomationPageTest.AddressBookEntriesPageTest)  Time elapsed: 15.598 s  <<< FAILURE!
org.openqa.selenium.TimeoutException: Expected condition failed: waiting for visibility of element located by By.xpath: //div[text()=' Warning: You can not delete your default address!'] (tried for 10 second(s) with 500 milliseconds interval)
	at com.naveenAutomationPageTest.AddressBookEntriesPageTest.validateUserCanDeleteAddress(AddressBookEntriesPageTest.java:52)
Caused by: org.openqa.selenium.NoSuchElementException: 
no such element: Unable to locate element: {"method":"xpath","selector":"//div[text()=' Warning: You can not delete your default address!']"}
  (Session info: chrome=119.0.6045.160)
For documentation on this error, please visit: https://www.seleniumhq.org/exceptions/no_such_element.html
Build info: version: '3.141.59', revision: 'e82be7d358', time: '2018-11-14T08:17:03'
System info: host: 'VAISH', ip: '192.168.137.1', os.name: 'Windows 11', os.arch: 'amd64', os.version: '10.0', java.version: '17.0.7'
Driver info: org.openqa.selenium.chrome.ChromeDriver
Capabilities {acceptInsecureCerts: false, browserName: chrome, browserVersion: 119.0.6045.160, chrome: {chromedriverVersion: 119.0.6045.105 (38c72552c5e..., userDataDir: C:\Users\Vishnu\AppData\Loc...}, fedcm:accounts: true, goog:chromeOptions: {debuggerAddress: localhost:49908}, javascriptEnabled: true, networkConnectionEnabled: false, pageLoadStrategy: normal, platform: WINDOWS, platformName: WINDOWS, proxy: Proxy(), setWindowRect: true, strictFileInteractability: false, timeouts: {implicit: 0, pageLoad: 300000, script: 30000}, unhandledPromptBehavior: dismiss and notify, webauthn:extension:credBlob: true, webauthn:extension:largeBlob: true, webauthn:extension:minPinLength: true, webauthn:extension:prf: true, webauthn:virtualAuthenticators: true}
Session ID: 007f43ec1bb11879b9ddaf3458826964
*** Element info: {Using=xpath, value=//div[text()=' Warning: You can not delete your default address!']}
	at com.naveenAutomationPageTest.AddressBookEntriesPageTest.validateUserCanDeleteAddress(AddressBookEntriesPageTest.java:52)

validateUserIsAbleToNavigateToForgottenPasswordPage(com.naveenAutomationPageTest.LoginPageTest)  Time elapsed: 0.22 s  <<< FAILURE!
java.lang.Error
	at com.naveenAutomationPageTest.LoginPageTest.validateUserIsAbleToNavigateToForgottenPasswordPage(LoginPageTest.java:49)

validateUserIsAbleToRegisterWithValidInfo(com.naveenAutomationPageTest.RegisterAccountPageTest)  Time elapsed: 3.046 s  <<< FAILURE!
java.lang.Error
	at com.naveenAutomationPageTest.RegisterAccountPageTest.validateUserIsAbleToRegisterWithValidInfo(RegisterAccountPageTest.java:200)

